2024-07-23T05:31:08.880Z [INFO]: /timeline undefined
2024-07-23T05:31:08.881Z [INFO]: /timeline [object Object]
2024-07-23T05:31:10.312Z [INFO]: /timeline undefined
2024-07-23T05:31:10.312Z [INFO]: /timeline [object Object]
2024-07-23T05:31:11.046Z [INFO]: /timeline undefined
2024-07-23T05:31:11.046Z [INFO]: /timeline [object Object]
2024-07-23T05:31:18.271Z [INFO]: /timeline undefined
2024-07-23T05:31:18.272Z [INFO]: /timeline [object Object]
2024-07-23T05:31:19.040Z [INFO]: /timeline undefined
2024-07-23T05:31:19.040Z [INFO]: /timeline [object Object]
2024-07-23T05:32:55.233Z [INFO]: /timeline undefined
2024-07-23T05:32:55.234Z [INFO]: /timeline {}
2024-07-23T05:34:50.618Z [INFO]: /timeline undefined
2024-07-23T05:34:50.619Z [INFO]: /timeline {}
2024-07-23T05:34:51.971Z [INFO]: /timeline undefined
2024-07-23T05:34:51.971Z [INFO]: /timeline {}
2024-07-23T05:35:21.208Z [INFO]: / undefined
2024-07-23T05:35:21.209Z [INFO]: / {"0":"/timeline"}
2024-07-23T05:35:31.273Z [INFO]: / undefined
2024-07-23T05:35:31.273Z [INFO]: / {"0":"/timeline"}
2024-07-23T05:35:32.153Z [INFO]: / undefined
2024-07-23T05:35:32.153Z [INFO]: / {"0":"/timeline"}
2024-07-23T05:36:48.294Z [INFO]: /timeline undefined
2024-07-23T05:36:48.295Z [INFO]: /timeline {}
2024-07-23T05:36:50.591Z [INFO]: /timeline undefined
2024-07-23T05:36:50.592Z [INFO]: /timeline {}
2024-07-23T05:36:51.567Z [INFO]: /timeline undefined
2024-07-23T05:36:51.568Z [INFO]: /timeline {}
2024-07-23T05:36:52.509Z [INFO]: /timeline undefined
2024-07-23T05:36:52.510Z [INFO]: /timeline {}
2024-07-23T05:37:50.965Z [INFO]: /timeline {"user":"test","message":"test1","isFirst":true}
2024-07-23T05:37:50.966Z [INFO]: /timeline {}
2024-07-23T05:42:23.184Z [INFO]: /timeline {"user":"test","message":"test1","isFirst":true}
2024-07-23T05:42:23.185Z [INFO]: /timeline {}
2024-07-23T05:42:24.506Z [INFO]: /timeline {"user":"test","message":"test1","isFirst":true}
2024-07-23T05:42:24.506Z [INFO]: /timeline {}
2024-07-23T05:45:30.353Z [INFO]: /timeline {"user":"test","message":"test1","isFirst":true}
2024-07-23T05:45:30.354Z [INFO]: /timeline {}
2024-07-23T05:45:31.319Z [INFO]: /timeline {"user":"test","message":"test1","isFirst":true}
2024-07-23T05:45:31.320Z [INFO]: /timeline {}
2024-07-23T07:25:54.680Z [INFO]: /vote {"candidate":1,"voter":2}
2024-07-23T07:25:54.681Z [INFO]: /vote {}
2024-07-23T07:27:01.874Z [INFO]: /vote {"candidate":1,"voter":2}
2024-07-23T07:27:01.875Z [INFO]: /vote {}
2024-07-23T07:31:25.504Z [INFO]: /vote {"candidate":1,"voter":2}
2024-07-23T07:31:25.505Z [INFO]: /vote {}
2024-07-23T07:31:49.194Z [INFO]: /vote {"candidate":1,"voter":2}
2024-07-23T07:31:49.195Z [INFO]: /vote {}
2024-07-23T07:32:09.467Z [INFO]: /vote {"candidate":1,"voter":2}
2024-07-23T07:32:09.468Z [INFO]: /vote {}
2024-07-23T07:32:45.861Z [INFO]: /vote {"candidate":1,"voter":2}
2024-07-23T07:32:45.862Z [INFO]: /vote {}
2024-07-23T07:35:58.667Z [INFO]: /vote {"candidate":1,"voter":2}
2024-07-23T07:35:58.668Z [INFO]: /vote {}
2024-07-23T07:35:59.727Z [INFO]: /vote {"candidate":1,"voter":2}
2024-07-23T07:35:59.727Z [INFO]: /vote {}
2024-07-23T07:36:07.767Z [INFO]: /vote {"candidate":1,"voter":2}
2024-07-23T07:36:07.768Z [INFO]: /vote {}
2024-07-23T07:36:08.413Z [INFO]: /vote {"candidate":1,"voter":2}
2024-07-23T07:36:08.413Z [INFO]: /vote {}
2024-07-23T07:36:09.103Z [INFO]: /vote {"candidate":1,"voter":2}
2024-07-23T07:36:09.103Z [INFO]: /vote {}
2024-07-23T07:36:09.753Z [INFO]: /vote {"candidate":1,"voter":2}
2024-07-23T07:36:09.754Z [INFO]: /vote {}
2024-07-23T07:36:10.340Z [INFO]: /vote {"candidate":1,"voter":2}
2024-07-23T07:36:10.341Z [INFO]: /vote {}
2024-07-23T07:36:10.877Z [INFO]: /vote {"candidate":1,"voter":2}
2024-07-23T07:36:10.878Z [INFO]: /vote {}
2024-07-23T07:36:11.348Z [INFO]: /vote {"candidate":1,"voter":2}
2024-07-23T07:36:11.348Z [INFO]: /vote {}
2024-07-23T07:36:11.891Z [INFO]: /vote {"candidate":1,"voter":2}
2024-07-23T07:36:11.892Z [INFO]: /vote {}
2024-07-23T07:36:38.037Z [INFO]: /vote {"candidate":1,"voter":2}
2024-07-23T07:36:38.038Z [INFO]: /vote {}
2024-07-23T07:36:40.478Z [INFO]: /vote {"candidate":1,"voter":2}
2024-07-23T07:36:40.479Z [INFO]: /vote {}
2024-07-23T07:48:32.443Z [INFO]: /vote {"candidate":1,"voter":2}
2024-07-23T07:48:32.444Z [INFO]: /vote {}
2024-07-23T07:48:35.955Z [INFO]: /vote {"candidate":1,"voter":2}
2024-07-23T07:48:35.955Z [INFO]: /vote {}
2024-07-23T07:49:00.241Z [INFO]: /vote {"candidate":1,"voter":2}
2024-07-23T07:49:00.242Z [INFO]: /vote {}
2024-07-23T07:49:01.651Z [INFO]: /vote {"candidate":1,"voter":2}
2024-07-23T07:49:01.653Z [INFO]: /vote {}
2024-07-23T07:49:02.353Z [INFO]: /vote {"candidate":1,"voter":2}
2024-07-23T07:49:02.354Z [INFO]: /vote {}
2024-07-23T07:49:02.718Z [INFO]: /vote {"candidate":1,"voter":2}
2024-07-23T07:49:02.719Z [INFO]: /vote {}
2024-07-23T07:49:25.270Z [INFO]: /vote {"candidate":1,"voter":2}
2024-07-23T07:49:25.271Z [INFO]: /vote {}
2024-07-23T07:49:27.204Z [INFO]: /vote {"candidate":1,"voter":2}
2024-07-23T07:49:27.205Z [INFO]: /vote {}
2024-07-23T07:49:32.856Z [INFO]: /vote {"candidate":2,"voter":34}
2024-07-23T07:49:32.856Z [INFO]: /vote {}
2024-07-23T07:49:54.570Z [INFO]: /vote {"candidate":2,"voter":34}
2024-07-23T07:49:54.571Z [INFO]: /vote {}
2024-07-23T07:49:57.020Z [INFO]: /vote {"candidate":2,"voter":34}
2024-07-23T07:49:57.021Z [INFO]: /vote {}
2024-07-23T07:50:00.944Z [INFO]: /vote {"candidate":2,"voter":35}
2024-07-23T07:50:00.945Z [INFO]: /vote {}
2024-07-23T07:50:05.799Z [INFO]: /vote {"candidate":2,"voter":37}
2024-07-23T07:50:05.800Z [INFO]: /vote {}
2024-07-23T07:50:20.411Z [INFO]: /vote {"candidate":2,"voter":37}
2024-07-23T07:50:20.412Z [INFO]: /vote {}
2024-07-23T07:50:23.412Z [INFO]: /vote {"candidate":2,"voter":37}
2024-07-23T07:50:23.413Z [INFO]: /vote {}
2024-07-23T07:59:44.655Z [INFO]: /vote {"candidate":2,"voter":37}
2024-07-23T07:59:44.656Z [INFO]: /vote {}
2024-07-23T08:00:23.401Z [INFO]: /vote {"candidate":2,"voter":37}
2024-07-23T08:00:23.402Z [INFO]: /vote {}
2024-07-23T08:00:59.693Z [INFO]: /vote {"candidate":2,"voter":37}
2024-07-23T08:00:59.694Z [INFO]: /vote {}
2024-07-23T08:01:02.019Z [INFO]: /vote {"candidate":2,"voter":37}
2024-07-23T08:01:02.019Z [INFO]: /vote {}
2024-07-23T08:01:14.482Z [INFO]: /vote {"candidate":2,"voter":37}
2024-07-23T08:01:14.483Z [INFO]: /vote {}
2024-07-23T08:03:11.166Z [INFO]: /vote {"candidate":2,"voter":37}
2024-07-23T08:03:11.166Z [INFO]: /vote {}
2024-07-23T08:09:39.973Z [INFO]: /vote {"candidate":2,"voter":37}
2024-07-23T08:09:39.975Z [INFO]: /vote {}
2024-07-23T08:15:53.546Z [INFO]: /vote {"candidate":2,"voter":37}
2024-07-23T08:15:53.547Z [INFO]: /vote {}
2024-07-23T08:16:06.308Z [INFO]: /vote {"candidate":2,"voter":37}
2024-07-23T08:16:06.309Z [INFO]: /vote {}
2024-07-23T08:19:40.922Z [INFO]: /vote {"candidate":2,"voter":37}
2024-07-23T08:19:40.924Z [INFO]: /vote {}
2024-07-23T08:25:05.203Z [INFO]: /vote {"candidate":2,"voter":37}
2024-07-23T08:25:05.204Z [INFO]: /vote {}
2024-07-23T08:26:08.482Z [INFO]: /vote {"candidate":2,"voter":37}
2024-07-23T08:26:08.483Z [INFO]: /vote {}
2024-07-23T08:26:10.056Z [INFO]: /vote {"candidate":2,"voter":37}
2024-07-23T08:26:10.057Z [INFO]: /vote {}
2024-07-23T08:26:25.905Z [INFO]: /vote {"candidate":2,"voter":37}
2024-07-23T08:26:25.906Z [INFO]: /vote {}
2024-07-23T08:26:26.734Z [INFO]: /vote {"candidate":2,"voter":37}
2024-07-23T08:26:26.734Z [INFO]: /vote {}
2024-07-23T08:27:41.345Z [INFO]: /vote {"candidate":2,"voter":37}
2024-07-23T08:27:41.346Z [INFO]: /vote {}
2024-07-23T08:27:42.388Z [INFO]: /vote {"candidate":2,"voter":37}
2024-07-23T08:27:42.388Z [INFO]: /vote {}
2024-07-23T08:28:02.845Z [INFO]: /vote {"candidate":2,"voter":37}
2024-07-23T08:28:02.846Z [INFO]: /vote {}
2024-07-23T08:28:04.813Z [INFO]: /vote {"candidate":2,"voter":37}
2024-07-23T08:28:04.814Z [INFO]: /vote {}
2024-07-23T08:28:26.562Z [INFO]: /vote {"candidate":2,"voter":37}
2024-07-23T08:28:26.563Z [INFO]: /vote {}
2024-07-23T08:28:28.593Z [INFO]: /vote {"candidate":2,"voter":37}
2024-07-23T08:28:28.593Z [INFO]: /vote {}
2024-07-23T08:29:29.860Z [INFO]: /vote {"candidate":2,"voter":37}
2024-07-23T08:29:29.861Z [INFO]: /vote {}
2024-07-23T08:29:30.618Z [INFO]: /vote {"candidate":2,"voter":37}
2024-07-23T08:29:30.619Z [INFO]: /vote {}
2024-07-23T08:29:31.211Z [INFO]: /vote {"candidate":2,"voter":37}
2024-07-23T08:29:31.211Z [INFO]: /vote {}
2024-07-23T08:29:31.758Z [INFO]: /vote {"candidate":2,"voter":37}
2024-07-23T08:29:31.759Z [INFO]: /vote {}
2024-07-23T08:29:46.791Z [INFO]: /vote {"candidate":2,"voter":37}
2024-07-23T08:29:46.792Z [INFO]: /vote {}
2024-07-23T08:30:46.008Z [INFO]: /vote {"candidate":2,"voter":37}
2024-07-23T08:30:46.009Z [INFO]: /vote {}
2024-07-23T08:30:46.716Z [INFO]: /vote {"candidate":2,"voter":37}
2024-07-23T08:30:46.717Z [INFO]: /vote {}
2024-07-23T08:30:47.422Z [INFO]: /vote {"candidate":2,"voter":37}
2024-07-23T08:30:47.422Z [INFO]: /vote {}
2024-07-23T08:32:12.311Z [INFO]: /vote {"candidate":2,"voter":37}
2024-07-23T08:32:12.312Z [INFO]: /vote {}
2024-07-23T08:32:12.915Z [INFO]: /vote {"candidate":2,"voter":37}
2024-07-23T08:32:12.918Z [INFO]: /vote {}
2024-07-23T08:32:13.621Z [INFO]: /vote {"candidate":2,"voter":37}
2024-07-23T08:32:13.621Z [INFO]: /vote {}
2024-07-23T08:32:20.035Z [INFO]: /vote {"candidate":3,"voter":1}
2024-07-23T08:32:20.036Z [INFO]: /vote {}
2024-07-23T08:32:21.082Z [INFO]: /vote {"candidate":3,"voter":1}
2024-07-23T08:32:21.085Z [INFO]: /vote {}
2024-07-23T09:50:46.445Z [INFO]: /vote {"candidate":3,"voter":1}
2024-07-23T09:50:46.446Z [INFO]: /vote {}
2024-07-23T09:50:47.313Z [INFO]: /vote {"candidate":3,"voter":1}
2024-07-23T09:50:47.314Z [INFO]: /vote {}
2024-07-23T09:50:48.064Z [INFO]: /vote {"candidate":3,"voter":1}
2024-07-23T09:50:48.064Z [INFO]: /vote {}
2024-07-23T09:50:48.803Z [INFO]: /vote {"candidate":3,"voter":1}
2024-07-23T09:50:48.804Z [INFO]: /vote {}
2024-07-23T09:50:49.430Z [INFO]: /vote {"candidate":3,"voter":1}
2024-07-23T09:50:49.432Z [INFO]: /vote {}
2024-07-23T09:50:49.894Z [INFO]: /vote {"candidate":3,"voter":1}
2024-07-23T09:50:49.894Z [INFO]: /vote {}
2024-07-23T09:50:50.347Z [INFO]: /vote {"candidate":3,"voter":1}
2024-07-23T09:50:50.348Z [INFO]: /vote {}
2024-07-23T09:50:50.843Z [INFO]: /vote {"candidate":3,"voter":1}
2024-07-23T09:50:50.844Z [INFO]: /vote {}
2024-07-23T09:50:51.312Z [INFO]: /vote {"candidate":3,"voter":1}
2024-07-23T09:50:51.313Z [INFO]: /vote {}
2024-07-23T09:50:51.759Z [INFO]: /vote {"candidate":3,"voter":1}
2024-07-23T09:50:51.760Z [INFO]: /vote {}
2024-07-23T09:50:52.271Z [INFO]: /vote {"candidate":3,"voter":1}
2024-07-23T09:50:52.272Z [INFO]: /vote {}
2024-07-23T09:50:52.643Z [INFO]: /vote {"candidate":3,"voter":1}
2024-07-23T09:50:52.643Z [INFO]: /vote {}
2024-07-23T09:50:52.965Z [INFO]: /vote {"candidate":3,"voter":1}
2024-07-23T09:50:52.965Z [INFO]: /vote {}
2024-07-23T09:50:53.841Z [INFO]: /vote {"candidate":3,"voter":1}
2024-07-23T09:50:53.842Z [INFO]: /vote {}
2024-07-23T09:50:54.149Z [INFO]: /vote {"candidate":3,"voter":1}
2024-07-23T09:50:54.150Z [INFO]: /vote {}
2024-07-23T09:50:54.969Z [INFO]: /vote {"candidate":3,"voter":1}
2024-07-23T09:50:54.969Z [INFO]: /vote {}
2024-07-23T09:50:55.445Z [INFO]: /vote {"candidate":3,"voter":1}
2024-07-23T09:50:55.445Z [INFO]: /vote {}
2024-07-23T09:50:55.765Z [INFO]: /vote {"candidate":3,"voter":1}
2024-07-23T09:50:55.765Z [INFO]: /vote {}
2024-07-23T09:50:57.247Z [INFO]: /vote {"candidate":3,"voter":1}
2024-07-23T09:50:57.247Z [INFO]: /vote {}
2024-07-23T09:50:57.770Z [INFO]: /vote {"candidate":3,"voter":1}
2024-07-23T09:50:57.771Z [INFO]: /vote {}
2024-07-23T09:50:58.805Z [INFO]: /vote {"candidate":3,"voter":1}
2024-07-23T09:50:58.805Z [INFO]: /vote {}
2024-07-23T09:50:59.364Z [INFO]: /vote {"candidate":3,"voter":1}
2024-07-23T09:50:59.365Z [INFO]: /vote {}
2024-07-23T09:50:59.650Z [INFO]: /vote {"candidate":3,"voter":1}
2024-07-23T09:50:59.650Z [INFO]: /vote {}
2024-07-23T10:12:27.980Z [INFO]: /public {}
2024-07-23T10:12:27.981Z [INFO]: /public {}
2024-07-23T10:12:51.689Z [INFO]: /public {}
2024-07-23T10:12:51.689Z [INFO]: /public {}
2024-07-23T10:13:30.522Z [INFO]: /public/index.html {}
2024-07-23T10:13:30.523Z [INFO]: /public/index.html {}
2024-07-23T10:13:58.306Z [INFO]: /public/index.html {}
2024-07-23T10:13:58.307Z [INFO]: /public/index.html {}
2024-07-23T10:14:16.388Z [INFO]: /public/index.html {}
2024-07-23T10:14:16.389Z [INFO]: /public/index.html {}
2024-07-23T10:14:16.756Z [INFO]: /public/index.html {}
2024-07-23T10:14:16.758Z [INFO]: /public/index.html {}
2024-07-23T10:14:16.875Z [INFO]: /public/index.html {}
2024-07-23T10:14:16.876Z [INFO]: /public/index.html {}
2024-07-23T10:14:16.983Z [INFO]: /public/index.html {}
2024-07-23T10:14:16.983Z [INFO]: /public/index.html {}
2024-07-23T10:31:51.518Z [INFO]: /public/index.html {}
2024-07-23T10:31:51.520Z [INFO]: /public/index.html {}
2024-07-23T10:31:51.997Z [INFO]: /public/index.html {}
2024-07-23T10:31:51.998Z [INFO]: /public/index.html {}
2024-07-23T10:31:52.166Z [INFO]: /public/index.html {}
2024-07-23T10:31:52.167Z [INFO]: /public/index.html {}
2024-07-23T10:31:52.292Z [INFO]: /public/index.html {}
2024-07-23T10:31:52.293Z [INFO]: /public/index.html {}
2024-07-23T10:31:52.429Z [INFO]: /public/index.html {}
2024-07-23T10:31:52.430Z [INFO]: /public/index.html {}
2024-07-23T10:31:52.599Z [INFO]: /public/index.html {}
2024-07-23T10:31:52.601Z [INFO]: /public/index.html {}
2024-07-23T10:31:52.796Z [INFO]: /public/index.html {}
2024-07-23T10:31:52.797Z [INFO]: /public/index.html {}
2024-07-23T10:31:52.980Z [INFO]: /public/index.html {}
2024-07-23T10:31:52.981Z [INFO]: /public/index.html {}
2024-07-23T10:36:17.169Z [INFO]: /public/index.html {}
2024-07-23T10:36:17.171Z [INFO]: /public/index.html {}
2024-07-23T10:36:17.595Z [INFO]: /public/index.html {}
2024-07-23T10:36:17.596Z [INFO]: /public/index.html {}
2024-07-23T10:36:17.789Z [INFO]: /public/index.html {}
2024-07-23T10:36:17.789Z [INFO]: /public/index.html {}
2024-07-23T10:36:17.964Z [INFO]: /public/index.html {}
2024-07-23T10:36:17.965Z [INFO]: /public/index.html {}
2024-07-23T10:36:18.093Z [INFO]: /public/index.html {}
2024-07-23T10:36:18.094Z [INFO]: /public/index.html {}
2024-07-23T10:36:18.267Z [INFO]: /public/index.html {}
2024-07-23T10:36:18.268Z [INFO]: /public/index.html {}
2024-07-23T10:36:18.445Z [INFO]: /public/index.html {}
2024-07-23T10:36:18.446Z [INFO]: /public/index.html {}
2024-07-23T10:36:18.561Z [INFO]: /public/index.html {}
2024-07-23T10:36:18.561Z [INFO]: /public/index.html {}
2024-07-23T10:36:18.733Z [INFO]: /public/index.html {}
2024-07-23T10:36:18.735Z [INFO]: /public/index.html {}
2024-07-23T10:36:18.894Z [INFO]: /public/index.html {}
2024-07-23T10:36:18.894Z [INFO]: /public/index.html {}
2024-07-23T10:36:19.148Z [INFO]: /public/index.html {}
2024-07-23T10:36:19.148Z [INFO]: /public/index.html {}
2024-07-23T10:36:19.212Z [INFO]: /public/index.html {}
2024-07-23T10:36:19.213Z [INFO]: /public/index.html {}
2024-07-23T10:36:19.262Z [INFO]: /public/index.html {}
2024-07-23T10:36:19.262Z [INFO]: /public/index.html {}
2024-07-23T10:36:19.315Z [INFO]: /public/index.html {}
2024-07-23T10:36:19.315Z [INFO]: /public/index.html {}
2024-07-23T10:36:19.366Z [INFO]: /public/index.html {}
2024-07-23T10:36:19.367Z [INFO]: /public/index.html {}
2024-07-23T10:36:20.407Z [INFO]: /public/index.html {}
2024-07-23T10:36:20.407Z [INFO]: /public/index.html {}
2024-07-23T10:36:20.894Z [INFO]: /public/index.html {}
2024-07-23T10:36:20.895Z [INFO]: /public/index.html {}
2024-07-23T10:36:21.145Z [INFO]: /public/index.html {}
2024-07-23T10:36:21.146Z [INFO]: /public/index.html {}
2024-07-23T10:36:21.204Z [INFO]: /public/index.html {}
2024-07-23T10:36:21.204Z [INFO]: /public/index.html {}
2024-07-23T10:36:21.261Z [INFO]: /public/index.html {}
2024-07-23T10:36:21.261Z [INFO]: /public/index.html {}
2024-07-23T10:36:21.364Z [INFO]: /public/index.html {}
2024-07-23T10:36:21.365Z [INFO]: /public/index.html {}
2024-07-23T10:36:21.471Z [INFO]: /public/index.html {}
2024-07-23T10:36:21.471Z [INFO]: /public/index.html {}
2024-07-23T10:36:21.582Z [INFO]: /public/index.html {}
2024-07-23T10:36:21.583Z [INFO]: /public/index.html {}
2024-07-23T10:36:21.688Z [INFO]: /public/index.html {}
2024-07-23T10:36:21.689Z [INFO]: /public/index.html {}
2024-07-23T10:36:21.962Z [INFO]: /public/index.html {}
2024-07-23T10:36:21.963Z [INFO]: /public/index.html {}
2024-07-23T10:36:22.067Z [INFO]: /public/index.html {}
2024-07-23T10:36:22.067Z [INFO]: /public/index.html {}
2024-07-23T10:36:22.171Z [INFO]: /public/index.html {}
2024-07-23T10:36:22.171Z [INFO]: /public/index.html {}
2024-07-23T10:36:23.750Z [INFO]: /public/index.html {}
2024-07-23T10:36:23.751Z [INFO]: /public/index.html {}
2024-07-23T10:36:23.807Z [INFO]: /public/index.html {}
2024-07-23T10:36:23.807Z [INFO]: /public/index.html {}
2024-07-23T10:36:23.996Z [INFO]: /public/index.html {}
2024-07-23T10:36:23.997Z [INFO]: /public/index.html {}
2024-07-23T10:36:24.105Z [INFO]: /public/index.html {}
2024-07-23T10:36:24.105Z [INFO]: /public/index.html {}
2024-07-23T10:36:24.336Z [INFO]: /public/index.html {}
2024-07-23T10:36:24.337Z [INFO]: /public/index.html {}
2024-07-23T10:36:24.445Z [INFO]: /public/index.html {}
2024-07-23T10:36:24.445Z [INFO]: /public/index.html {}
2024-07-23T10:36:24.497Z [INFO]: /public/index.html {}
2024-07-23T10:36:24.498Z [INFO]: /public/index.html {}
2024-07-23T10:36:24.550Z [INFO]: /public/index.html {}
2024-07-23T10:36:24.552Z [INFO]: /public/index.html {}
2024-07-23T10:36:24.660Z [INFO]: /public/index.html {}
2024-07-23T10:36:24.661Z [INFO]: /public/index.html {}
2024-07-23T10:36:24.760Z [INFO]: /public/index.html {}
2024-07-23T10:36:24.760Z [INFO]: /public/index.html {}
2024-07-23T10:36:24.872Z [INFO]: /public/index.html {}
2024-07-23T10:36:24.872Z [INFO]: /public/index.html {}
2024-07-23T10:36:24.977Z [INFO]: /public/index.html {}
2024-07-23T10:36:24.977Z [INFO]: /public/index.html {}
2024-07-23T10:36:25.090Z [INFO]: /public/index.html {}
2024-07-23T10:36:25.091Z [INFO]: /public/index.html {}
2024-07-23T10:36:25.307Z [INFO]: /public/index.html {}
2024-07-23T10:36:25.307Z [INFO]: /public/index.html {}
2024-07-23T10:36:25.416Z [INFO]: /public/index.html {}
2024-07-23T10:36:25.417Z [INFO]: /public/index.html {}
2024-07-23T10:36:25.632Z [INFO]: /public/index.html {}
2024-07-23T10:36:25.632Z [INFO]: /public/index.html {}
2024-07-23T10:36:25.741Z [INFO]: /public/index.html {}
2024-07-23T10:36:25.741Z [INFO]: /public/index.html {}
2024-07-23T10:36:25.850Z [INFO]: /public/index.html {}
2024-07-23T10:36:25.850Z [INFO]: /public/index.html {}
2024-07-23T10:36:26.067Z [INFO]: /public/index.html {}
2024-07-23T10:36:26.068Z [INFO]: /public/index.html {}
2024-07-23T10:36:26.285Z [INFO]: /public/index.html {}
2024-07-23T10:36:26.285Z [INFO]: /public/index.html {}
2024-07-23T10:36:26.500Z [INFO]: /public/index.html {}
2024-07-23T10:36:26.500Z [INFO]: /public/index.html {}
2024-07-23T10:36:28.717Z [INFO]: /public/index.html {}
2024-07-23T10:36:28.717Z [INFO]: /public/index.html {}
2024-07-23T10:36:29.541Z [INFO]: /public/index.html {}
2024-07-23T10:36:29.541Z [INFO]: /public/index.html {}
2024-07-23T10:36:29.794Z [INFO]: /public/index.html {}
2024-07-23T10:36:29.795Z [INFO]: /public/index.html {}
2024-07-23T10:36:29.859Z [INFO]: /public/index.html {}
2024-07-23T10:36:29.859Z [INFO]: /public/index.html {}
2024-07-23T10:36:29.908Z [INFO]: /public/index.html {}
2024-07-23T10:36:29.908Z [INFO]: /public/index.html {}
2024-07-23T10:36:29.962Z [INFO]: /public/index.html {}
2024-07-23T10:36:29.962Z [INFO]: /public/index.html {}
2024-07-23T10:36:30.013Z [INFO]: /public/index.html {}
2024-07-23T10:36:30.013Z [INFO]: /public/index.html {}
2024-07-23T10:36:30.065Z [INFO]: /public/index.html {}
2024-07-23T10:36:30.065Z [INFO]: /public/index.html {}
2024-07-23T10:36:30.285Z [INFO]: /public/index.html {}
2024-07-23T10:36:30.285Z [INFO]: /public/index.html {}
2024-07-23T10:36:31.566Z [INFO]: /public/index.html {}
2024-07-23T10:36:31.566Z [INFO]: /public/index.html {}
2024-07-23T10:36:31.619Z [INFO]: /public/index.html {}
2024-07-23T10:36:31.619Z [INFO]: /public/index.html {}
2024-07-23T10:36:31.672Z [INFO]: /public/index.html {}
2024-07-23T10:36:31.673Z [INFO]: /public/index.html {}
2024-07-23T10:36:31.729Z [INFO]: /public/index.html {}
2024-07-23T10:36:31.729Z [INFO]: /public/index.html {}
2024-07-23T10:36:31.894Z [INFO]: /public/index.html {}
2024-07-23T10:36:31.894Z [INFO]: /public/index.html {}
2024-07-23T10:36:32.374Z [INFO]: /public/index.html {}
2024-07-23T10:36:32.374Z [INFO]: /public/index.html {}
2024-07-23T10:36:32.483Z [INFO]: /public/index.html {}
2024-07-23T10:36:32.483Z [INFO]: /public/index.html {}
2024-07-23T10:36:32.536Z [INFO]: /public/index.html {}
2024-07-23T10:36:32.536Z [INFO]: /public/index.html {}
2024-07-23T10:36:32.594Z [INFO]: /public/index.html {}
2024-07-23T10:36:32.595Z [INFO]: /public/index.html {}
2024-07-23T10:36:32.644Z [INFO]: /public/index.html {}
2024-07-23T10:36:32.645Z [INFO]: /public/index.html {}
2024-07-23T10:36:32.694Z [INFO]: /public/index.html {}
2024-07-23T10:36:32.694Z [INFO]: /public/index.html {}
2024-07-23T10:36:32.755Z [INFO]: /public/index.html {}
2024-07-23T10:36:32.755Z [INFO]: /public/index.html {}
2024-07-23T10:36:32.795Z [INFO]: /public/index.html {}
2024-07-23T10:36:32.795Z [INFO]: /public/index.html {}
2024-07-23T10:36:32.850Z [INFO]: /public/index.html {}
2024-07-23T10:36:32.850Z [INFO]: /public/index.html {}
2024-07-23T10:36:32.900Z [INFO]: /public/index.html {}
2024-07-23T10:36:32.901Z [INFO]: /public/index.html {}
2024-07-23T10:36:32.953Z [INFO]: /public/index.html {}
2024-07-23T10:36:32.953Z [INFO]: /public/index.html {}
2024-07-23T10:36:33.012Z [INFO]: /public/index.html {}
2024-07-23T10:36:33.012Z [INFO]: /public/index.html {}
2024-07-23T10:36:33.115Z [INFO]: /public/index.html {}
2024-07-23T10:36:33.115Z [INFO]: /public/index.html {}
2024-07-23T10:36:33.325Z [INFO]: /public/index.html {}
2024-07-23T10:36:33.325Z [INFO]: /public/index.html {}
2024-07-23T10:36:33.445Z [INFO]: /public/index.html {}
2024-07-23T10:36:33.445Z [INFO]: /public/index.html {}
2024-07-23T10:36:33.545Z [INFO]: /public/index.html {}
2024-07-23T10:36:33.546Z [INFO]: /public/index.html {}
2024-07-23T10:36:33.651Z [INFO]: /public/index.html {}
2024-07-23T10:36:33.651Z [INFO]: /public/index.html {}
2024-07-23T10:36:33.760Z [INFO]: /public/index.html {}
2024-07-23T10:36:33.761Z [INFO]: /public/index.html {}
2024-07-23T10:36:34.032Z [INFO]: /public/index.html {}
2024-07-23T10:36:34.032Z [INFO]: /public/index.html {}
2024-07-23T10:36:36.775Z [INFO]: /public/index.html {}
2024-07-23T10:36:36.775Z [INFO]: /public/index.html {}
2024-07-23T10:38:24.582Z [INFO]: /static/index.html {}
2024-07-23T10:38:24.584Z [INFO]: /static/index.html {}
2024-07-23T10:38:29.755Z [INFO]: /static/index.html {}
2024-07-23T10:38:29.756Z [INFO]: /static/index.html {}
2024-07-23T10:38:31.996Z [INFO]: /static/index.htmladsf {}
2024-07-23T10:38:31.996Z [INFO]: /static/index.htmladsf {}
2024-07-23T10:38:36.684Z [INFO]: / {}
2024-07-23T10:38:36.685Z [INFO]: / {}
2024-07-23T10:38:39.797Z [INFO]: /static {}
2024-07-23T10:38:39.799Z [INFO]: /static {}
2024-07-23T10:38:47.016Z [INFO]: /static/public {}
2024-07-23T10:38:47.017Z [INFO]: /static/public {}
2024-07-23T10:40:36.254Z [INFO]: / {}
2024-07-23T10:40:36.256Z [INFO]: / {}
2024-07-23T10:40:38.054Z [INFO]: / {}
2024-07-23T10:40:38.055Z [INFO]: / {}
2024-07-23T10:43:17.186Z [INFO]: / {}
2024-07-23T10:43:17.188Z [INFO]: / {}
2024-07-23T10:43:20.222Z [INFO]: /favicon.ico {}
2024-07-23T10:43:20.223Z [INFO]: /favicon.ico {}
2024-07-23T10:43:45.380Z [INFO]: /static/ {}
2024-07-23T10:43:45.381Z [INFO]: /static/ {}
2024-07-23T10:43:46.140Z [INFO]: /static/ {}
2024-07-23T10:43:46.140Z [INFO]: /static/ {}
2024-07-23T10:43:46.529Z [INFO]: /static/ {}
2024-07-23T10:43:46.531Z [INFO]: /static/ {}
2024-07-23T10:43:46.665Z [INFO]: /static/ {}
2024-07-23T10:43:46.666Z [INFO]: /static/ {}
2024-07-23T10:43:52.097Z [INFO]: /static/index.html {}
2024-07-23T10:43:52.098Z [INFO]: /static/index.html {}
2024-07-23T10:44:01.678Z [INFO]: /static/index.html {}
2024-07-23T10:44:01.679Z [INFO]: /static/index.html {}
2024-07-23T10:44:27.355Z [INFO]: /static/index.html {}
2024-07-23T10:44:27.357Z [INFO]: /static/index.html {}
2024-07-23T10:44:29.838Z [INFO]: /static/index.html {}
2024-07-23T10:44:29.838Z [INFO]: /static/index.html {}
2024-07-23T10:44:33.928Z [INFO]: /static/index.html {}
2024-07-23T10:44:33.931Z [INFO]: /static/index.html {}
2024-07-23T10:44:34.112Z [INFO]: /static/index.html {}
2024-07-23T10:44:34.112Z [INFO]: /static/index.html {}
2024-07-23T10:44:34.277Z [INFO]: /static/index.html {}
2024-07-23T10:44:34.278Z [INFO]: /static/index.html {}
2024-07-23T10:44:34.470Z [INFO]: /static/index.html {}
2024-07-23T10:44:34.471Z [INFO]: /static/index.html {}
2024-07-23T10:44:35.082Z [INFO]: /static/index.html {}
2024-07-23T10:44:35.083Z [INFO]: /static/index.html {}
2024-07-23T10:44:35.234Z [INFO]: /static/index.html {}
2024-07-23T10:44:35.234Z [INFO]: /static/index.html {}
2024-07-23T10:44:35.443Z [INFO]: /static/index.html {}
2024-07-23T10:44:35.443Z [INFO]: /static/index.html {}
2024-07-23T10:44:35.682Z [INFO]: /static/index.html {}
2024-07-23T10:44:35.682Z [INFO]: /static/index.html {}
2024-07-23T10:44:35.802Z [INFO]: /static/index.html {}
2024-07-23T10:44:35.803Z [INFO]: /static/index.html {}
2024-07-23T10:44:35.942Z [INFO]: /static/index.html {}
2024-07-23T10:44:35.942Z [INFO]: /static/index.html {}
2024-07-23T10:44:36.142Z [INFO]: /static/index.html {}
2024-07-23T10:44:36.142Z [INFO]: /static/index.html {}
2024-07-23T10:44:36.286Z [INFO]: /static/index.html {}
2024-07-23T10:44:36.286Z [INFO]: /static/index.html {}
2024-07-23T10:44:36.440Z [INFO]: /static/index.html {}
2024-07-23T10:44:36.441Z [INFO]: /static/index.html {}
2024-07-23T10:44:36.602Z [INFO]: /static/index.html {}
2024-07-23T10:44:36.602Z [INFO]: /static/index.html {}
2024-07-23T10:44:36.749Z [INFO]: /static/index.html {}
2024-07-23T10:44:36.749Z [INFO]: /static/index.html {}
2024-07-23T10:44:36.955Z [INFO]: /static/index.html {}
2024-07-23T10:44:36.956Z [INFO]: /static/index.html {}
2024-07-23T10:44:37.117Z [INFO]: /static/index.html {}
2024-07-23T10:44:37.118Z [INFO]: /static/index.html {}
2024-07-23T10:44:37.219Z [INFO]: /static/index.html {}
2024-07-23T10:44:37.219Z [INFO]: /static/index.html {}
2024-07-23T10:44:37.351Z [INFO]: /static/index.html {}
2024-07-23T10:44:37.351Z [INFO]: /static/index.html {}
2024-07-23T10:44:37.471Z [INFO]: /static/index.html {}
2024-07-23T10:44:37.471Z [INFO]: /static/index.html {}
2024-07-23T10:44:37.607Z [INFO]: /static/index.html {}
2024-07-23T10:44:37.607Z [INFO]: /static/index.html {}
2024-07-23T10:44:37.876Z [INFO]: /static/index.html {}
2024-07-23T10:44:37.878Z [INFO]: /static/index.html {}
2024-07-23T10:44:37.937Z [INFO]: /static/index.html {}
2024-07-23T10:44:37.937Z [INFO]: /static/index.html {}
2024-07-23T10:44:37.990Z [INFO]: /static/index.html {}
2024-07-23T10:44:37.990Z [INFO]: /static/index.html {}
2024-07-23T10:44:38.091Z [INFO]: /static/index.html {}
2024-07-23T10:44:38.092Z [INFO]: /static/index.html {}
2024-07-23T10:44:38.198Z [INFO]: /static/index.html {}
2024-07-23T10:44:38.199Z [INFO]: /static/index.html {}
2024-07-23T10:44:39.187Z [INFO]: /static/index.html {}
2024-07-23T10:44:39.187Z [INFO]: /static/index.html {}
2024-07-23T10:44:39.298Z [INFO]: /static/index.html {}
2024-07-23T10:44:39.299Z [INFO]: /static/index.html {}
2024-07-23T10:44:39.418Z [INFO]: /static/index.html {}
2024-07-23T10:44:39.419Z [INFO]: /static/index.html {}
2024-07-23T10:44:39.528Z [INFO]: /static/index.html {}
2024-07-23T10:44:39.528Z [INFO]: /static/index.html {}
2024-07-23T10:44:39.643Z [INFO]: /static/index.html {}
2024-07-23T10:44:39.644Z [INFO]: /static/index.html {}
2024-07-23T10:44:39.881Z [INFO]: /static/index.html {}
2024-07-23T10:44:39.882Z [INFO]: /static/index.html {}
2024-07-23T10:44:39.939Z [INFO]: /static/index.html {}
2024-07-23T10:44:39.940Z [INFO]: /static/index.html {}
2024-07-23T10:44:40.045Z [INFO]: /static/index.html {}
2024-07-23T10:44:40.046Z [INFO]: /static/index.html {}
2024-07-23T10:44:40.098Z [INFO]: /static/index.html {}
2024-07-23T10:44:40.100Z [INFO]: /static/index.html {}
2024-07-23T10:44:40.208Z [INFO]: /static/index.html {}
2024-07-23T10:44:40.208Z [INFO]: /static/index.html {}
2024-07-23T10:44:40.267Z [INFO]: /static/index.html {}
2024-07-23T10:44:40.268Z [INFO]: /static/index.html {}
2024-07-23T10:44:40.377Z [INFO]: /static/index.html {}
2024-07-23T10:44:40.377Z [INFO]: /static/index.html {}
2024-07-23T10:44:40.479Z [INFO]: /static/index.html {}
2024-07-23T10:44:40.479Z [INFO]: /static/index.html {}
2024-07-23T10:44:40.593Z [INFO]: /static/index.html {}
2024-07-23T10:44:40.594Z [INFO]: /static/index.html {}
2024-07-23T10:44:40.700Z [INFO]: /static/index.html {}
2024-07-23T10:44:40.701Z [INFO]: /static/index.html {}
2024-07-23T10:44:40.832Z [INFO]: /static/index.html {}
2024-07-23T10:44:40.832Z [INFO]: /static/index.html {}
2024-07-23T10:44:40.940Z [INFO]: /static/index.html {}
2024-07-23T10:44:40.940Z [INFO]: /static/index.html {}
2024-07-23T10:44:41.055Z [INFO]: /static/index.html {}
2024-07-23T10:44:41.055Z [INFO]: /static/index.html {}
2024-07-23T10:44:41.177Z [INFO]: /static/index.html {}
2024-07-23T10:44:41.177Z [INFO]: /static/index.html {}
2024-07-23T10:44:41.300Z [INFO]: /static/index.html {}
2024-07-23T10:44:41.300Z [INFO]: /static/index.html {}
2024-07-23T10:44:41.414Z [INFO]: /static/index.html {}
2024-07-23T10:44:41.414Z [INFO]: /static/index.html {}
2024-07-23T10:44:41.524Z [INFO]: /static/index.html {}
2024-07-23T10:44:41.525Z [INFO]: /static/index.html {}
2024-07-23T10:44:41.643Z [INFO]: /static/index.html {}
2024-07-23T10:44:41.643Z [INFO]: /static/index.html {}
2024-07-23T10:44:41.775Z [INFO]: /static/index.html {}
2024-07-23T10:44:41.775Z [INFO]: /static/index.html {}
2024-07-23T10:44:41.899Z [INFO]: /static/index.html {}
2024-07-23T10:44:41.899Z [INFO]: /static/index.html {}
2024-07-23T10:44:42.020Z [INFO]: /static/index.html {}
2024-07-23T10:44:42.020Z [INFO]: /static/index.html {}
2024-07-23T10:44:42.138Z [INFO]: /static/index.html {}
2024-07-23T10:44:42.138Z [INFO]: /static/index.html {}
2024-07-23T10:44:42.254Z [INFO]: /static/index.html {}
2024-07-23T10:44:42.254Z [INFO]: /static/index.html {}
2024-07-23T10:44:42.405Z [INFO]: /static/index.html {}
2024-07-23T10:44:42.405Z [INFO]: /static/index.html {}
2024-07-23T10:44:42.517Z [INFO]: /static/index.html {}
2024-07-23T10:44:42.517Z [INFO]: /static/index.html {}
2024-07-23T10:44:42.645Z [INFO]: /static/index.html {}
2024-07-23T10:44:42.645Z [INFO]: /static/index.html {}
2024-07-23T10:44:42.784Z [INFO]: /static/index.html {}
2024-07-23T10:44:42.784Z [INFO]: /static/index.html {}
2024-07-23T10:44:42.936Z [INFO]: /static/index.html {}
2024-07-23T10:44:42.936Z [INFO]: /static/index.html {}
2024-07-23T10:44:43.049Z [INFO]: /static/index.html {}
2024-07-23T10:44:43.050Z [INFO]: /static/index.html {}
2024-07-23T10:44:43.305Z [INFO]: /static/index.html {}
2024-07-23T10:44:43.306Z [INFO]: /static/index.html {}
2024-07-23T10:44:43.366Z [INFO]: /static/index.html {}
2024-07-23T10:44:43.366Z [INFO]: /static/index.html {}
2024-07-23T10:44:43.502Z [INFO]: /static/index.html {}
2024-07-23T10:44:43.502Z [INFO]: /static/index.html {}
2024-07-23T10:44:43.691Z [INFO]: /static/index.html {}
2024-07-23T10:44:43.691Z [INFO]: /static/index.html {}
2024-07-23T10:44:43.817Z [INFO]: /static/index.html {}
2024-07-23T10:44:43.818Z [INFO]: /static/index.html {}
2024-07-23T10:44:43.953Z [INFO]: /static/index.html {}
2024-07-23T10:44:43.953Z [INFO]: /static/index.html {}
2024-07-23T10:44:44.121Z [INFO]: /static/index.html {}
2024-07-23T10:44:44.121Z [INFO]: /static/index.html {}
2024-07-23T10:44:44.268Z [INFO]: /static/index.html {}
2024-07-23T10:44:44.268Z [INFO]: /static/index.html {}
2024-07-23T10:44:44.494Z [INFO]: /static/index.html {}
2024-07-23T10:44:44.494Z [INFO]: /static/index.html {}
2024-07-23T10:44:44.608Z [INFO]: /static/index.html {}
2024-07-23T10:44:44.608Z [INFO]: /static/index.html {}
2024-07-23T10:44:44.745Z [INFO]: /static/index.html {}
2024-07-23T10:44:44.745Z [INFO]: /static/index.html {}
2024-07-23T10:44:44.862Z [INFO]: /static/index.html {}
2024-07-23T10:44:44.863Z [INFO]: /static/index.html {}
2024-07-23T10:46:28.679Z [INFO]: /static/index.html {}
2024-07-23T10:46:28.681Z [INFO]: /static/index.html {}
2024-07-23T10:47:09.298Z [INFO]: /static/index.html undefined
2024-07-23T10:47:09.300Z [INFO]: /static/index.html {}
2024-07-23T10:47:09.781Z [INFO]: /static/index.html undefined
2024-07-23T10:47:09.782Z [INFO]: /static/index.html {}
2024-07-23T10:47:09.978Z [INFO]: /static/index.html undefined
2024-07-23T10:47:09.979Z [INFO]: /static/index.html {}
2024-07-23T10:47:10.115Z [INFO]: /static/index.html undefined
2024-07-23T10:47:10.116Z [INFO]: /static/index.html {}
2024-07-23T10:47:12.384Z [INFO]: /static/index.html undefined
2024-07-23T10:47:12.384Z [INFO]: /static/index.html {}
2024-07-23T10:47:16.503Z [INFO]: / undefined
2024-07-23T10:47:16.503Z [INFO]: / {}
2024-07-23T10:47:24.614Z [INFO]: / undefined
2024-07-23T10:47:24.616Z [INFO]: / {}
2024-07-23T10:47:25.835Z [INFO]: / undefined
2024-07-23T10:47:25.836Z [INFO]: / {}
2024-07-23T10:47:26.268Z [INFO]: / undefined
2024-07-23T10:47:26.268Z [INFO]: / {}
2024-07-23T10:47:26.437Z [INFO]: / undefined
2024-07-23T10:47:26.437Z [INFO]: / {}
2024-07-23T10:47:39.067Z [INFO]: / undefined
2024-07-23T10:47:39.067Z [INFO]: / {}
2024-07-23T10:47:39.540Z [INFO]: / undefined
2024-07-23T10:47:39.541Z [INFO]: / {}
2024-07-23T10:47:39.706Z [INFO]: / undefined
2024-07-23T10:47:39.706Z [INFO]: / {}
2024-07-23T10:47:39.863Z [INFO]: / undefined
2024-07-23T10:47:39.863Z [INFO]: / {}
2024-07-23T10:47:39.993Z [INFO]: / undefined
2024-07-23T10:47:39.995Z [INFO]: / {}
2024-07-23T10:47:40.315Z [INFO]: / undefined
2024-07-23T10:47:40.316Z [INFO]: / {}
2024-07-23T10:47:40.479Z [INFO]: / undefined
2024-07-23T10:47:40.479Z [INFO]: / {}
2024-07-23T10:47:44.254Z [INFO]: /index.html undefined
2024-07-23T10:47:44.255Z [INFO]: /index.html {}
2024-07-23T12:06:13.875Z [INFO]: /static/index.html {}
2024-07-23T12:06:13.877Z [INFO]: /static/index.html {}
2024-07-30T10:14:43.023Z [INFO]: /favicon.ico {}
2024-07-30T10:14:43.023Z [INFO]: /favicon.ico {}
